#
# There is insufficient memory for the Java Runtime Environment to continue.
# Native memory allocation (malloc) failed to allocate 141568 bytes for Chunk::new
# Possible reasons:
#   The system is out of physical RAM or swap space
#   In 32 bit mode, the process size limit was hit
# Possible solutions:
#   Reduce memory load on the system
#   Increase physical memory or swap space
#   Check if swap backing store is full
#   Use 64 bit Java on a 64 bit OS
#   Decrease Java heap size (-Xmx/-Xms)
#   Decrease number of Java threads
#   Decrease Java thread stack sizes (-Xss)
#   Set larger code cache with -XX:ReservedCodeCacheSize=
# This output file may be truncated or incomplete.
#
#  Out of Memory Error (allocation.cpp:390), pid=5240, tid=5372
#
# JRE version: Java(TM) SE Runtime Environment (8.0_91-b15) (build 1.8.0_91-b15)
# Java VM: Java HotSpot(TM) 64-Bit Server VM (25.91-b15 mixed mode windows-amd64 compressed oops)
# Failed to write core dump. Minidumps are not enabled by default on client versions of Windows
#

---------------  T H R E A D  ---------------

Current thread (0x0000000054dde800):  JavaThread "C2 CompilerThread0" daemon [_thread_in_native, id=5372, stack(0x0000000056900000,0x0000000056a00000)]

Stack: [0x0000000056900000,0x0000000056a00000]
[error occurred during error reporting (printing stack bounds), id 0xc0000005]

Native frames: (J=compiled Java code, j=interpreted, Vv=VM code, C=native code)


Current CompileTask:
C2:  17484 1999       4       com.android.dx.ssa.SCCP::simulatePhi (169 bytes)


---------------  P R O C E S S  ---------------

Java Threads: ( => current thread )
  0x00000000564a8800 JavaThread "pool-2-thread-4" [_thread_blocked, id=5384, stack(0x0000000057690000,0x0000000057790000)]
  0x00000000564a7800 JavaThread "pool-2-thread-3" [_thread_in_Java, id=5072, stack(0x0000000057560000,0x0000000057660000)]
  0x00000000564a7000 JavaThread "pool-2-thread-2" [_thread_blocked, id=4860, stack(0x0000000057330000,0x0000000057430000)]
  0x00000000564a4000 JavaThread "pool-3-thread-1" [_thread_blocked, id=5336, stack(0x00000000571e0000,0x00000000572e0000)]
  0x000000005649c800 JavaThread "pool-2-thread-1" [_thread_in_Java, id=2356, stack(0x0000000056fc0000,0x00000000570c0000)]
  0x000000005618c800 JavaThread "Service Thread" daemon [_thread_blocked, id=3608, stack(0x0000000056c70000,0x0000000056d70000)]
  0x0000000056176000 JavaThread "C1 CompilerThread2" daemon [_thread_blocked, id=6104, stack(0x0000000056800000,0x0000000056900000)]
  0x0000000056142800 JavaThread "C2 CompilerThread1" daemon [_thread_in_native, id=5908, stack(0x0000000056a70000,0x0000000056b70000)]
=>0x0000000054dde800 JavaThread "C2 CompilerThread0" daemon [_thread_in_native, id=5372, stack(0x0000000056900000,0x0000000056a00000)]
  0x0000000054ddd000 JavaThread "Attach Listener" daemon [_thread_blocked, id=1568, stack(0x0000000011fe0000,0x00000000120e0000)]
  0x0000000054ddc000 JavaThread "Signal Dispatcher" daemon [_thread_blocked, id=5920, stack(0x0000000056610000,0x0000000056710000)]
  0x0000000054db4000 JavaThread "Finalizer" daemon [_thread_blocked, id=4640, stack(0x0000000055e80000,0x0000000055f80000)]
  0x0000000054d72800 JavaThread "Reference Handler" daemon [_thread_blocked, id=2784, stack(0x0000000056020000,0x0000000056120000)]
  0x0000000001d68000 JavaThread "main" [_thread_blocked, id=4928, stack(0x0000000002180000,0x0000000002280000)]

Other Threads:
  0x0000000054d6a800 VMThread [stack: 0x0000000055d50000,0x0000000055e50000] [id=2688]
  0x00000000561c7000 WatcherThread [stack: 0x0000000056e70000,0x0000000056f70000] [id=4208]

VM state:not at safepoint (normal execution)

VM Mutex/Monitor currently owned by a thread: None

Heap:
 PSYoungGen      total 26624K, used 5892K [0x00000000eab00000, 0x00000000eca80000, 0x0000000100000000)
  eden space 24064K, 13% used [0x00000000eab00000,0x00000000eae41318,0x00000000ec280000)
  from space 2560K, 100% used [0x00000000ec500000,0x00000000ec780000,0x00000000ec780000)
  to   space 2560K, 0% used [0x00000000ec280000,0x00000000ec280000,0x00000000ec500000)
 ParOldGen       total 35840K, used 9655K [0x00000000c0000000, 0x00000000c2300000, 0x00000000eab00000)
  object space 35840K, 26% used [0x00000000c0000000,0x00000000c096dee8,0x00000000c2300000)
 Metaspace       used 6266K, capacity 7216K, committed 7296K, reserved 1058816K
  class space    used 599K, capacity 616K, committed 640K, reserved 1048576K

Card table byte_map: [0x0000000011910000,0x0000000011b20000] byte_map_base: 0x0000000011310000

Marking Bits: (ParMarkBitMap*) 0x000000006b9b2f70
 Begin Bits: [0x00000000121e0000, 0x00000000131e0000)
 End Bits:   [0x00000000131e0000, 0x00000000141e0000)

Polling page: 0x0000000000320000

CodeCache: size=245760Kb used=7605Kb max_used=7616Kb free=238155Kb
 bounds [0x0000000002550000, 0x0000000002cd0000, 0x0000000011550000]
 total_blobs=1980 nmethods=1709 adapters=178
 compilation: enabled

Compilation events (10 events):
Event: 17.351 Thread 0x0000000056176000 2002       3       com.android.dx.rop.cst.CstLiteral32::equals (35 bytes)
Event: 17.352 Thread 0x0000000056176000 nmethod 2002 0x0000000002cc1d10 code [0x0000000002cc1e80, 0x0000000002cc22d0]
Event: 17.352 Thread 0x0000000056176000 1998       3       com.android.dx.rop.cst.CstFloat::getType (4 bytes)
Event: 17.352 Thread 0x0000000056176000 nmethod 1998 0x0000000002cb88d0 code [0x0000000002cb8a20, 0x0000000002cb8b70]
Event: 17.376 Thread 0x0000000056142800 nmethod 2003 0x0000000002cc3550 code [0x0000000002cc36e0, 0x0000000002cc3c38]
Event: 17.376 Thread 0x0000000056142800 2000       4       com.android.dx.rop.code.RegisterSpec::getType (10 bytes)
Event: 17.377 Thread 0x0000000056142800 nmethod 2000 0x0000000002c6e5d0 code [0x0000000002c6e700, 0x0000000002c6e778]
Event: 17.377 Thread 0x0000000056142800 2001       4       com.android.dx.cf.code.BasicBlocker::addWorkIfNecessary (32 bytes)
Event: 17.381 Thread 0x0000000056142800 nmethod 2001 0x0000000002cc30d0 code [0x0000000002cc3220, 0x0000000002cc3358]
Event: 17.411 Thread 0x0000000056142800 2005       4       com.android.dx.ssa.SCCP::simulatePhiBlock (50 bytes)

GC Heap History (10 events):
Event: 2.881 GC heap before
{Heap before GC invocations=1 (full 0):
 PSYoungGen      total 18944K, used 16382K [0x00000000eab00000, 0x00000000ec000000, 0x0000000100000000)
  eden space 16384K, 99% used [0x00000000eab00000,0x00000000ebaffa20,0x00000000ebb00000)
  from space 2560K, 0% used [0x00000000ebd80000,0x00000000ebd80000,0x00000000ec000000)
  to   space 2560K, 0% used [0x00000000ebb00000,0x00000000ebb00000,0x00000000ebd80000)
 ParOldGen       total 44032K, used 0K [0x00000000c0000000, 0x00000000c2b00000, 0x00000000eab00000)
  object space 44032K, 0% used [0x00000000c0000000,0x00000000c0000000,0x00000000c2b00000)
 Metaspace       used 5742K, capacity 6704K, committed 6784K, reserved 1060864K
  class space    used 595K, capacity 616K, committed 640K, reserved 1048576K
Event: 2.896 GC heap after
Heap after GC invocations=1 (full 0):
 PSYoungGen      total 18944K, used 2554K [0x00000000eab00000, 0x00000000ec000000, 0x0000000100000000)
  eden space 16384K, 0% used [0x00000000eab00000,0x00000000eab00000,0x00000000ebb00000)
  from space 2560K, 99% used [0x00000000ebb00000,0x00000000ebd7ead8,0x00000000ebd80000)
  to   space 2560K, 0% used [0x00000000ebd80000,0x00000000ebd80000,0x00000000ec000000)
 ParOldGen       total 44032K, used 1667K [0x00000000c0000000, 0x00000000c2b00000, 0x00000000eab00000)
  object space 44032K, 3% used [0x00000000c0000000,0x00000000c01a0d08,0x00000000c2b00000)
 Metaspace       used 5742K, capacity 6704K, committed 6784K, reserved 1060864K
  class space    used 595K, capacity 616K, committed 640K, reserved 1048576K
}
Event: 2.896 GC heap before
{Heap before GC invocations=2 (full 1):
 PSYoungGen      total 18944K, used 2554K [0x00000000eab00000, 0x00000000ec000000, 0x0000000100000000)
  eden space 16384K, 0% used [0x00000000eab00000,0x00000000eab00000,0x00000000ebb00000)
  from space 2560K, 99% used [0x00000000ebb00000,0x00000000ebd7ead8,0x00000000ebd80000)
  to   space 2560K, 0% used [0x00000000ebd80000,0x00000000ebd80000,0x00000000ec000000)
 ParOldGen       total 44032K, used 1667K [0x00000000c0000000, 0x00000000c2b00000, 0x00000000eab00000)
  object space 44032K, 3% used [0x00000000c0000000,0x00000000c01a0d08,0x00000000c2b00000)
 Metaspace       used 5742K, capacity 6704K, committed 6784K, reserved 1060864K
  class space    used 595K, capacity 616K, committed 640K, reserved 1048576K
Event: 2.960 GC heap after
Heap after GC invocations=2 (full 1):
 PSYoungGen      total 18944K, used 0K [0x00000000eab00000, 0x00000000ec000000, 0x0000000100000000)
  eden space 16384K, 0% used [0x00000000eab00000,0x00000000eab00000,0x00000000ebb00000)
  from space 2560K, 0% used [0x00000000ebb00000,0x00000000ebb00000,0x00000000ebd80000)
  to   space 2560K, 0% used [0x00000000ebd80000,0x00000000ebd80000,0x00000000ec000000)
 ParOldGen       total 35840K, used 4027K [0x00000000c0000000, 0x00000000c2300000, 0x00000000eab00000)
  object space 35840K, 11% used [0x00000000c0000000,0x00000000c03eed20,0x00000000c2300000)
 Metaspace       used 5742K, capacity 6704K, committed 6784K, reserved 1058816K
  class space    used 595K, capacity 616K, committed 640K, reserved 1048576K
}
Event: 3.522 GC heap before
{Heap before GC invocations=3 (full 1):
 PSYoungGen      total 18944K, used 16384K [0x00000000eab00000, 0x00000000ec000000, 0x0000000100000000)
  eden space 16384K, 100% used [0x00000000eab00000,0x00000000ebb00000,0x00000000ebb00000)
  from space 2560K, 0% used [0x00000000ebb00000,0x00000000ebb00000,0x00000000ebd80000)
  to   space 2560K, 0% used [0x00000000ebd80000,0x00000000ebd80000,0x00000000ec000000)
 ParOldGen       total 35840K, used 4027K [0x00000000c0000000, 0x00000000c2300000, 0x00000000eab00000)
  object space 35840K, 11% used [0x00000000c0000000,0x00000000c03eed20,0x00000000c2300000)
 Metaspace       used 5889K, capacity 6832K, committed 7040K, reserved 1058816K
  class space    used 596K, capacity 616K, committed 640K, reserved 1048576K
Event: 3.541 GC heap after
Heap after GC invocations=3 (full 1):
 PSYoungGen      total 18944K, used 2528K [0x00000000eab00000, 0x00000000ec780000, 0x0000000100000000)
  eden space 16384K, 0% used [0x00000000eab00000,0x00000000eab00000,0x00000000ebb00000)
  from space 2560K, 98% used [0x00000000ebd80000,0x00000000ebff8010,0x00000000ec000000)
  to   space 2560K, 0% used [0x00000000ebb00000,0x00000000ebb00000,0x00000000ebd80000)
 ParOldGen       total 35840K, used 4568K [0x00000000c0000000, 0x00000000c2300000, 0x00000000eab00000)
  object space 35840K, 12% used [0x00000000c0000000,0x00000000c0476348,0x00000000c2300000)
 Metaspace       used 5889K, capacity 6832K, committed 7040K, reserved 1058816K
  class space    used 596K, capacity 616K, committed 640K, reserved 1048576K
}
Event: 9.639 GC heap before
{Heap before GC invocations=4 (full 1):
 PSYoungGen      total 18944K, used 18912K [0x00000000eab00000, 0x00000000ec780000, 0x0000000100000000)
  eden space 16384K, 100% used [0x00000000eab00000,0x00000000ebb00000,0x00000000ebb00000)
  from space 2560K, 98% used [0x00000000ebd80000,0x00000000ebff8010,0x00000000ec000000)
  to   space 2560K, 0% used [0x00000000ebb00000,0x00000000ebb00000,0x00000000ebd80000)
 ParOldGen       total 35840K, used 4568K [0x00000000c0000000, 0x00000000c2300000, 0x00000000eab00000)
  object space 35840K, 12% used [0x00000000c0000000,0x00000000c0476348,0x00000000c2300000)
 Metaspace       used 6139K, capacity 7088K, committed 7296K, reserved 1058816K
  class space    used 599K, capacity 616K, committed 640K, reserved 1048576K
Event: 9.769 GC heap after
Heap after GC invocations=4 (full 1):
 PSYoungGen      total 18944K, used 2560K [0x00000000eab00000, 0x00000000ec780000, 0x0000000100000000)
  eden space 16384K, 0% used [0x00000000eab00000,0x00000000eab00000,0x00000000ebb00000)
  from space 2560K, 100% used [0x00000000ebb00000,0x00000000ebd80000,0x00000000ebd80000)
  to   space 2560K, 0% used [0x00000000ec500000,0x00000000ec500000,0x00000000ec780000)
 ParOldGen       total 35840K, used 7068K [0x00000000c0000000, 0x00000000c2300000, 0x00000000eab00000)
  object space 35840K, 19% used [0x00000000c0000000,0x00000000c06e7320,0x00000000c2300000)
 Metaspace       used 6139K, capacity 7088K, committed 7296K, reserved 1058816K
  class space    used 599K, capacity 616K, committed 640K, reserved 1048576K
}
Event: 16.383 GC heap before
{Heap before GC invocations=5 (full 1):
 PSYoungGen      total 18944K, used 18944K [0x00000000eab00000, 0x00000000ec780000, 0x0000000100000000)
  eden space 16384K, 100% used [0x00000000eab00000,0x00000000ebb00000,0x00000000ebb00000)
  from space 2560K, 100% used [0x00000000ebb00000,0x00000000ebd80000,0x00000000ebd80000)
  to   space 2560K, 0% used [0x00000000ec500000,0x00000000ec500000,0x00000000ec780000)
 ParOldGen       total 35840K, used 7068K [0x00000000c0000000, 0x00000000c2300000, 0x00000000eab00000)
  object space 35840K, 19% used [0x00000000c0000000,0x00000000c06e7320,0x00000000c2300000)
 Metaspace       used 6226K, capacity 7152K, committed 7296K, reserved 1058816K
  class space    used 599K, capacity 616K, committed 640K, reserved 1048576K
Event: 17.094 GC heap after
Heap after GC invocations=5 (full 1):
 PSYoungGen      total 26624K, used 2560K [0x00000000eab00000, 0x00000000eca80000, 0x0000000100000000)
  eden space 24064K, 0% used [0x00000000eab00000,0x00000000eab00000,0x00000000ec280000)
  from space 2560K, 100% used [0x00000000ec500000,0x00000000ec780000,0x00000000ec780000)
  to   space 2560K, 0% used [0x00000000ec280000,0x00000000ec280000,0x00000000ec500000)
 ParOldGen       total 35840K, used 9655K [0x00000000c0000000, 0x00000000c2300000, 0x00000000eab00000)
  object space 35840K, 26% used [0x00000000c0000000,0x00000000c096dee8,0x00000000c2300000)
 Metaspace       used 6226K, capacity 7152K, committed 7296K, reserved 1058816K
  class space    used 599K, capacity 616K, committed 640K, reserved 1048576K
}

Deoptimization events (10 events):
Event: 15.425 Thread 0x00000000564a7800 Uncommon trap: reason=unstable_if action=reinterpret pc=0x000000000290cf68 method=com.android.dx.ssa.SsaRenamer$BlockRenamer.visitMoveInsn(Lcom/android/dx/ssa/NormalSsaInsn;)V @ 104
Event: 15.425 Thread 0x00000000564a7800 Uncommon trap: reason=unstable_if action=reinterpret pc=0x00000000029ec784 method=com.android.dx.ssa.SsaRenamer$BlockRenamer.process()V @ 90
Event: 15.444 Thread 0x00000000564a7800 Uncommon trap: reason=unstable_if action=reinterpret pc=0x0000000002908240 method=com.android.dx.rop.code.RegisterSpec.equals(ILcom/android/dx/rop/type/TypeBearer;Lcom/android/dx/rop/code/LocalItem;)Z @ 42
Event: 15.449 Thread 0x00000000564a7800 Uncommon trap: reason=unstable_if action=reinterpret pc=0x00000000029603b4 method=com.android.dx.ssa.SsaRenamer$BlockRenamer.visitMoveInsn(Lcom/android/dx/ssa/NormalSsaInsn;)V @ 104
Event: 15.460 Thread 0x00000000564a7800 Uncommon trap: reason=unstable_if action=reinterpret pc=0x0000000002b6c6b8 method=com.android.dx.rop.code.RegisterSpecSet.localItemToSpec(Lcom/android/dx/rop/code/LocalItem;)Lcom/android/dx/rop/code/RegisterSpec; @ 35
Event: 17.334 Thread 0x00000000564a7800 Uncommon trap: reason=bimorphic action=maybe_recompile pc=0x0000000002c1f5e8 method=com.android.dx.ssa.SCCP.simulatePhi(Lcom/android/dx/ssa/PhiInsn;)V @ 124
Event: 17.335 Thread 0x00000000564a7800 Uncommon trap: reason=bimorphic action=maybe_recompile pc=0x0000000002c1f5e8 method=com.android.dx.ssa.SCCP.simulatePhi(Lcom/android/dx/ssa/PhiInsn;)V @ 124
Event: 17.337 Thread 0x00000000564a7800 Uncommon trap: reason=bimorphic action=maybe_recompile pc=0x0000000002c1f5e8 method=com.android.dx.ssa.SCCP.simulatePhi(Lcom/android/dx/ssa/PhiInsn;)V @ 124
Event: 17.340 Thread 0x00000000564a7800 Uncommon trap: reason=bimorphic action=maybe_recompile pc=0x0000000002c1f5e8 method=com.android.dx.ssa.SCCP.simulatePhi(Lcom/android/dx/ssa/PhiInsn;)V @ 124
Event: 17.343 Thread 0x00000000564a7800 Uncommon trap: reason=bimorphic action=maybe_recompile pc=0x0000000002ad1a68 method=com.android.dx.ssa.SCCP.simulatePhi(Lcom/android/dx/ssa/PhiInsn;)V @ 124

Internal exceptions (2 events):
Event: 0.234 Thread 0x0000000001d68000 Exception <a 'java/lang/NoSuchMethodError': Method sun.misc.Unsafe.defineClass(Ljava/lang/String;[BII)Ljava/lang/Class; name or signature does not match> (0x00000000eab07cc0) thrown at [C:\re\workspace\8-2-build-windows-amd64-cygwin\jdk8u91\7017\hotspot\srQÆqÅ6¸Õ?
Event: 0.234 Thread 0x0000000001d68000 Exception <a 'java/lang/NoSuchMethodError': Method sun.misc.Unsafe.prefetchRead(Ljava/lang/Object;J)V name or signature does not match> (0x00000000eab07fa8) thrown at [C:\re\workspace\8-2-build-windows-amd64-cygwin\jdk8u91\7017\hotspot\src\share\vm\prims\j

Events (10 events):
Event: 17.335 Thread 0x00000000564a7800 DEOPT UNPACKING pc=0x000000000259582a sp=0x000000005765e968 mode 2
Event: 17.337 Thread 0x00000000564a7800 Uncommon trap: trap_request=0xffffffc6 fr.pc=0x0000000002c1f5e8
Event: 17.337 Thread 0x00000000564a7800 DEOPT PACKING pc=0x0000000002c1f5e8 sp=0x000000005765e9e0
Event: 17.337 Thread 0x00000000564a7800 DEOPT UNPACKING pc=0x000000000259582a sp=0x000000005765e968 mode 2
Event: 17.340 Thread 0x00000000564a7800 Uncommon trap: trap_request=0xffffffc6 fr.pc=0x0000000002c1f5e8
Event: 17.340 Thread 0x00000000564a7800 DEOPT PACKING pc=0x0000000002c1f5e8 sp=0x000000005765e9e0
Event: 17.340 Thread 0x00000000564a7800 DEOPT UNPACKING pc=0x000000000259582a sp=0x000000005765e968 mode 2
Event: 17.343 Thread 0x00000000564a7800 Uncommon trap: trap_request=0xffffffc6 fr.pc=0x0000000002ad1a68
Event: 17.343 Thread 0x00000000564a7800 DEOPT PACKING pc=0x0000000002ad1a68 sp=0x000000005765e9e0
Event: 17.343 Thread 0x00000000564a7800 DEOPT UNPACKING pc=0x000000000259582a sp=0x000000005765e968 mode 2


Dynamic libraries:
0x000000013f550000 - 0x000000013f587000 	C:\Program Files\Java\jdk1.8.0_91\bin\java.exe
0x0000000077820000 - 0x00000000779ca000 	C:\Windows\SYSTEM32\ntdll.dll
0x0000000077700000 - 0x000000007781f000 	C:\Windows\system32\kernel32.dll
0x000007fefd5c0000 - 0x000007fefd62a000 	C:\Windows\system32\KERNELBASE.dll
0x000007fefe960000 - 0x000007fefea3b000 	C:\Windows\system32\ADVAPI32.dll
0x000007feff0c0000 - 0x000007feff15f000 	C:\Windows\system32\msvcrt.dll
0x000007feffa30000 - 0x000007feffa4f000 	C:\Windows\SYSTEM32\sechost.dll
0x000007fefd910000 - 0x000007fefda3d000 	C:\Windows\system32\RPCRT4.dll
0x0000000077600000 - 0x00000000776fa000 	C:\Windows\system32\USER32.dll
0x000007feff160000 - 0x000007feff1c7000 	C:\Windows\system32\GDI32.dll
0x000007fefed10000 - 0x000007fefed1e000 	C:\Windows\system32\LPK.dll
0x000007fefed70000 - 0x000007fefee3a000 	C:\Windows\system32\USP10.dll
0x000007fefc610000 - 0x000007fefc804000 	C:\Windows\WinSxS\amd64_microsoft.windows.common-controls_6595b64144ccf1df_6.0.7601.17514_none_fa396087175ac9ac\COMCTL32.dll
0x000007fefdb30000 - 0x000007fefdba1000 	C:\Windows\system32\SHLWAPI.dll
0x000007feff090000 - 0x000007feff0be000 	C:\Windows\system32\IMM32.DLL
0x000007fefeee0000 - 0x000007fefefe9000 	C:\Windows\system32\MSCTF.dll
0x0000000063520000 - 0x00000000635f2000 	C:\Program Files\Java\jdk1.8.0_91\jre\bin\msvcr100.dll
0x000000006b1a0000 - 0x000000006ba33000 	C:\Program Files\Java\jdk1.8.0_91\jre\bin\server\jvm.dll
0x000007fef0a20000 - 0x000007fef0a29000 	C:\Windows\system32\WSOCK32.dll
0x000007fefed20000 - 0x000007fefed6d000 	C:\Windows\system32\WS2_32.dll
0x000007fefdb20000 - 0x000007fefdb28000 	C:\Windows\system32\NSI.dll
0x000007fefaf00000 - 0x000007fefaf3b000 	C:\Windows\system32\WINMM.dll
0x000007fefc2b0000 - 0x000007fefc2bc000 	C:\Windows\system32\VERSION.dll
0x00000000779e0000 - 0x00000000779e7000 	C:\Windows\system32\PSAPI.DLL
0x0000000073ee0000 - 0x0000000073eef000 	C:\Program Files\Java\jdk1.8.0_91\jre\bin\verify.dll
0x0000000073eb0000 - 0x0000000073ed9000 	C:\Program Files\Java\jdk1.8.0_91\jre\bin\java.dll
0x0000000073e90000 - 0x0000000073ea6000 	C:\Program Files\Java\jdk1.8.0_91\jre\bin\zip.dll
0x000007fefdbb0000 - 0x000007fefe938000 	C:\Windows\system32\SHELL32.dll
0x000007feff1d0000 - 0x000007feff3d3000 	C:\Windows\system32\ole32.dll
0x000007fefd560000 - 0x000007fefd56f000 	C:\Windows\system32\profapi.dll

VM Arguments:
jvm_args: -Djava.awt.headless=true -Xmx1024M -Dfile.encoding=windows-1256 -Duser.country=US -Duser.language=en -Duser.variant 
java_command: com.android.dx.command.Main --dex --force-jumbo --num-threads=4 --multi-dex --output E:\User\AndroidStudioProjects\AuthChallenge\app\build\intermediates\transforms\dex\debug\folders\1000\10\com.android.support-support-media-compat-27.1.1_0340c473a8de976e86b701cf0f3cc82b9c9f5bde E:\User\AndroidStudioProjects\AuthChallenge\app\build\intermediates\exploded-aar\com.android.support\support-media-compat\27.1.1\jars\classes.jar
java_class_path (initial): E:\User\AppData\Local\Android\sdk\build-tools\26.0.3\lib\dx.jar
Launcher Type: SUN_STANDARD

Environment Variables:
PATH=C:\oracle\product\10.2.0\db_2\bin;C:\oracle\product\10.2.0\db_1\bin;C:\ProgramData\Oracle\Java\javapath;C:\Windows\System32;C:\Windows\SysWOW64;C:\opencv248\build\x86\vc10\bin;C:\Python27;C:\Python27\Scripts;C:\Program Files (x86)\CodeBlocks\MinGW\bin;E:\programs\Matlab\R2013a\bin;C:\Program Files\IVI Foundation\VISA\Win64\Bin\;C:\Program Files (x86)\IVI Foundation\VISA\WinNT\Bin\;C:\Program Files (x86)\IVI Foundation\VISA\WinNT\Bin;C:\Program Files (x86)\Tesseract-OCR;E:\User\AppData\Local\Android\sdk\tools\lib;E:\Program Files\Git\cmd;E:\User\AppData\Local\Android\sdk\platform-tools;E:\Program Files\nodejs\;E:\Program Files (x86)\CMake\bin;E:\Program Files (x86)\CMake 2.8\bin;C:\Program Files\Canopy\User;C:\Program Files\Canopy\User\Scripts;C:\Users\user\AppData\Roaming\npm;E:\Users\user\AppData\Local\Programs\MiKTeX 2.9\miktex\bin\x64\
USERNAME=user
OS=Windows_NT
PROCESSOR_IDENTIFIER=Intel64 Family 6 Model 58 Stepping 9, GenuineIntel



---------------  S Y S T E M  ---------------

OS: Windows 7 , 64 bit Build 7601 (6.1.7601.23572)

CPU:total 4 (2 cores per cpu, 2 threads per core) family 6 model 58 stepping 9, cmov, cx8, fxsr, mmx, sse, sse2, sse3, ssse3, sse4.1, sse4.2, popcnt, avx, aes, clmul, erms, ht, tsc, tscinvbit, tscinv

Memory: 4k page, physical 4094316k(138612k free), swap 5628456k(5176k free)

vm_info: Java HotSpot(TM) 64-Bit Server VM (25.91-b15) for windows-amd64 JRE (1.8.0_91-b15), built on May 20 2016 17:43:15 by "java_re" with MS VC++ 10.0 (VS2010)

time: Thu Aug 02 20:15:29 2018
elapsed time: 17 seconds (0d 0h 0m 17s)

