#
# There is insufficient memory for the Java Runtime Environment to continue.
# Native memory allocation (malloc) failed to allocate 32744 bytes for ChunkPool::allocate
# Possible reasons:
#   The system is out of physical RAM or swap space
#   In 32 bit mode, the process size limit was hit
# Possible solutions:
#   Reduce memory load on the system
#   Increase physical memory or swap space
#   Check if swap backing store is full
#   Use 64 bit Java on a 64 bit OS
#   Decrease Java heap size (-Xmx/-Xms)
#   Decrease number of Java threads
#   Decrease Java thread stack sizes (-Xss)
#   Set larger code cache with -XX:ReservedCodeCacheSize=
# This output file may be truncated or incomplete.
#
#  Out of Memory Error (allocation.cpp:273), pid=5296, tid=1484
#
# JRE version: Java(TM) SE Runtime Environment (8.0_91-b15) (build 1.8.0_91-b15)
# Java VM: Java HotSpot(TM) 64-Bit Server VM (25.91-b15 mixed mode windows-amd64 compressed oops)
# Failed to write core dump. Minidumps are not enabled by default on client versions of Windows
#

---------------  T H R E A D  ---------------

Current thread (0x0000000054c2d800):  JavaThread "C2 CompilerThread1" daemon [_thread_in_native, id=1484, stack(0x0000000056ac0000,0x0000000056bc0000)]

Stack: [0x0000000056ac0000,0x0000000056bc0000]
[error occurred during error reporting (printing stack bounds), id 0xc0000005]

Native frames: (J=compiled Java code, j=interpreted, Vv=VM code, C=native code)


Current CompileTask:
C2:   8116 1833       4       com.android.dx.cf.code.Simulator$SimVisitor::visitConstant (541 bytes)


---------------  P R O C E S S  ---------------

Java Threads: ( => current thread )
  0x0000000057018800 JavaThread "pool-2-thread-4" [_thread_in_Java, id=992, stack(0x0000000057ca0000,0x0000000057da0000)]
  0x00000000564a0000 JavaThread "pool-2-thread-3" [_thread_in_Java, id=5876, stack(0x0000000057ba0000,0x0000000057ca0000)]
  0x000000005649d000 JavaThread "pool-2-thread-2" [_thread_in_Java, id=4848, stack(0x0000000055f30000,0x0000000056030000)]
  0x000000005649c800 JavaThread "pool-3-thread-1" [_thread_blocked, id=4020, stack(0x00000000579c0000,0x0000000057ac0000)]
  0x0000000056406800 JavaThread "pool-2-thread-1" [_thread_blocked, id=5608, stack(0x00000000577e0000,0x00000000578e0000)]
  0x00000000561de800 JavaThread "Service Thread" daemon [_thread_blocked, id=2500, stack(0x0000000056ed0000,0x0000000056fd0000)]
  0x0000000054c2e800 JavaThread "C1 CompilerThread2" daemon [_thread_in_vm, id=2528, stack(0x0000000056ce0000,0x0000000056de0000)]
=>0x0000000054c2d800 JavaThread "C2 CompilerThread1" daemon [_thread_in_native, id=1484, stack(0x0000000056ac0000,0x0000000056bc0000)]
  0x000000005614b800 JavaThread "C2 CompilerThread0" daemon [_thread_in_native, id=3920, stack(0x00000000569c0000,0x0000000056ac0000)]
  0x0000000056142800 JavaThread "Attach Listener" daemon [_thread_blocked, id=5512, stack(0x00000000567d0000,0x00000000568d0000)]
  0x0000000054c1e000 JavaThread "Signal Dispatcher" daemon [_thread_blocked, id=5024, stack(0x0000000056630000,0x0000000056730000)]
  0x0000000054c09800 JavaThread "Finalizer" daemon [_thread_blocked, id=4792, stack(0x0000000056040000,0x0000000056140000)]
  0x0000000054bc2800 JavaThread "Reference Handler" daemon [_thread_blocked, id=4756, stack(0x0000000055e30000,0x0000000055f30000)]
  0x0000000001d18000 JavaThread "main" [_thread_blocked, id=5812, stack(0x00000000020d0000,0x00000000021d0000)]

Other Threads:
  0x0000000054bbb000 VMThread [stack: 0x0000000055b90000,0x0000000055c90000] [id=1172]
  0x0000000056204000 WatcherThread [stack: 0x0000000055d20000,0x0000000055e20000] [id=2776]

VM state:not at safepoint (normal execution)

VM Mutex/Monitor currently owned by a thread: None

Heap:
 PSYoungGen      total 68096K, used 15992K [0x00000000eab00000, 0x00000000ef000000, 0x0000000100000000)
  eden space 65536K, 20% used [0x00000000eab00000,0x00000000eb826210,0x00000000eeb00000)
  from space 2560K, 98% used [0x00000000eeb00000,0x00000000eed78038,0x00000000eed80000)
  to   space 2560K, 0% used [0x00000000eed80000,0x00000000eed80000,0x00000000ef000000)
 ParOldGen       total 44032K, used 23719K [0x00000000c0000000, 0x00000000c2b00000, 0x00000000eab00000)
  object space 44032K, 53% used [0x00000000c0000000,0x00000000c1729fb8,0x00000000c2b00000)
 Metaspace       used 6284K, capacity 7216K, committed 7296K, reserved 1056768K
  class space    used 599K, capacity 616K, committed 640K, reserved 1048576K

Card table byte_map: [0x0000000011860000,0x0000000011a70000] byte_map_base: 0x0000000011260000

Marking Bits: (ParMarkBitMap*) 0x000000006b9b2f70
 Begin Bits: [0x0000000012030000, 0x0000000013030000)
 End Bits:   [0x0000000013030000, 0x0000000014030000)

Polling page: 0x0000000000310000

CodeCache: size=245760Kb used=7102Kb max_used=7102Kb free=238657Kb
 bounds [0x00000000024a0000, 0x0000000002ba0000, 0x00000000114a0000]
 total_blobs=2066 nmethods=1800 adapters=178
 compilation: enabled

Compilation events (10 events):
Event: 7.764 Thread 0x0000000054c2e800 1881       2       com.android.dx.dex.file.AnnotationsDirectoryItem::addMethodAnnotations (44 bytes)
Event: 7.766 Thread 0x0000000054c2e800 nmethod 1881 0x0000000002b80e10 code [0x0000000002b80fa0, 0x0000000002b813c8]
Event: 7.779 Thread 0x0000000054c2e800 1882       2       java.util.Vector::grow (57 bytes)
Event: 7.780 Thread 0x0000000054c2e800 nmethod 1882 0x0000000002b94450 code [0x0000000002b945c0, 0x0000000002b94858]
Event: 7.848 Thread 0x0000000054c2e800 1883       2       com.android.dx.rop.type.Type::getArrayType (50 bytes)
Event: 7.850 Thread 0x0000000054c2e800 nmethod 1883 0x0000000002b93a50 code [0x0000000002b93c00, 0x0000000002b940c8]
Event: 7.881 Thread 0x0000000054c2e800 1885       2       com.android.dx.ssa.DomFront::calcDomFronts (154 bytes)
Event: 7.883 Thread 0x0000000054c2e800 nmethod 1885 0x0000000002b94a10 code [0x0000000002b94c00, 0x0000000002b95268]
Event: 7.885 Thread 0x0000000054c2e800 1886       2       com.android.dx.rop.code.RegisterSpecList::withoutLast (60 bytes)
Event: 7.887 Thread 0x0000000054c2e800 nmethod 1886 0x0000000002b95b90 code [0x0000000002b95d60, 0x0000000002b96348]

GC Heap History (10 events):
Event: 2.203 GC heap before
{Heap before GC invocations=1 (full 0):
 PSYoungGen      total 18944K, used 16384K [0x00000000eab00000, 0x00000000ec000000, 0x0000000100000000)
  eden space 16384K, 100% used [0x00000000eab00000,0x00000000ebb00000,0x00000000ebb00000)
  from space 2560K, 0% used [0x00000000ebd80000,0x00000000ebd80000,0x00000000ec000000)
  to   space 2560K, 0% used [0x00000000ebb00000,0x00000000ebb00000,0x00000000ebd80000)
 ParOldGen       total 44032K, used 0K [0x00000000c0000000, 0x00000000c2b00000, 0x00000000eab00000)
  object space 44032K, 0% used [0x00000000c0000000,0x00000000c0000000,0x00000000c2b00000)
 Metaspace       used 5603K, capacity 6640K, committed 6784K, reserved 1056768K
  class space    used 597K, capacity 616K, committed 640K, reserved 1048576K
Event: 2.332 GC heap after
Heap after GC invocations=1 (full 0):
 PSYoungGen      total 18944K, used 2540K [0x00000000eab00000, 0x00000000ed000000, 0x0000000100000000)
  eden space 16384K, 0% used [0x00000000eab00000,0x00000000eab00000,0x00000000ebb00000)
  from space 2560K, 99% used [0x00000000ebb00000,0x00000000ebd7b1d8,0x00000000ebd80000)
  to   space 2560K, 0% used [0x00000000ecd80000,0x00000000ecd80000,0x00000000ed000000)
 ParOldGen       total 44032K, used 1397K [0x00000000c0000000, 0x00000000c2b00000, 0x00000000eab00000)
  object space 44032K, 3% used [0x00000000c0000000,0x00000000c015d450,0x00000000c2b00000)
 Metaspace       used 5603K, capacity 6640K, committed 6784K, reserved 1056768K
  class space    used 597K, capacity 616K, committed 640K, reserved 1048576K
}
Event: 3.344 GC heap before
{Heap before GC invocations=2 (full 0):
 PSYoungGen      total 18944K, used 18924K [0x00000000eab00000, 0x00000000ed000000, 0x0000000100000000)
  eden space 16384K, 100% used [0x00000000eab00000,0x00000000ebb00000,0x00000000ebb00000)
  from space 2560K, 99% used [0x00000000ebb00000,0x00000000ebd7b1d8,0x00000000ebd80000)
  to   space 2560K, 0% used [0x00000000ecd80000,0x00000000ecd80000,0x00000000ed000000)
 ParOldGen       total 44032K, used 1397K [0x00000000c0000000, 0x00000000c2b00000, 0x00000000eab00000)
  object space 44032K, 3% used [0x00000000c0000000,0x00000000c015d450,0x00000000c2b00000)
 Metaspace       used 5953K, capacity 6960K, committed 7040K, reserved 1056768K
  class space    used 599K, capacity 616K, committed 640K, reserved 1048576K
Event: 3.363 GC heap after
Heap after GC invocations=2 (full 0):
 PSYoungGen      total 35328K, used 2538K [0x00000000eab00000, 0x00000000ed000000, 0x0000000100000000)
  eden space 32768K, 0% used [0x00000000eab00000,0x00000000eab00000,0x00000000ecb00000)
  from space 2560K, 99% used [0x00000000ecd80000,0x00000000ecffaac8,0x00000000ed000000)
  to   space 2560K, 0% used [0x00000000ecb00000,0x00000000ecb00000,0x00000000ecd80000)
 ParOldGen       total 44032K, used 3605K [0x00000000c0000000, 0x00000000c2b00000, 0x00000000eab00000)
  object space 44032K, 8% used [0x00000000c0000000,0x00000000c03855d8,0x00000000c2b00000)
 Metaspace       used 5953K, capacity 6960K, committed 7040K, reserved 1056768K
  class space    used 599K, capacity 616K, committed 640K, reserved 1048576K
}
Event: 4.281 GC heap before
{Heap before GC invocations=3 (full 0):
 PSYoungGen      total 35328K, used 35306K [0x00000000eab00000, 0x00000000ed000000, 0x0000000100000000)
  eden space 32768K, 100% used [0x00000000eab00000,0x00000000ecb00000,0x00000000ecb00000)
  from space 2560K, 99% used [0x00000000ecd80000,0x00000000ecffaac8,0x00000000ed000000)
  to   space 2560K, 0% used [0x00000000ecb00000,0x00000000ecb00000,0x00000000ecd80000)
 ParOldGen       total 44032K, used 3605K [0x00000000c0000000, 0x00000000c2b00000, 0x00000000eab00000)
  object space 44032K, 8% used [0x00000000c0000000,0x00000000c03855d8,0x00000000c2b00000)
 Metaspace       used 6121K, capacity 7152K, committed 7296K, reserved 1056768K
  class space    used 599K, capacity 616K, committed 640K, reserved 1048576K
Event: 4.353 GC heap after
Heap after GC invocations=3 (full 0):
 PSYoungGen      total 35328K, used 2528K [0x00000000eab00000, 0x00000000ef000000, 0x0000000100000000)
  eden space 32768K, 0% used [0x00000000eab00000,0x00000000eab00000,0x00000000ecb00000)
  from space 2560K, 98% used [0x00000000ecb00000,0x00000000ecd78038,0x00000000ecd80000)
  to   space 2560K, 0% used [0x00000000eed80000,0x00000000eed80000,0x00000000ef000000)
 ParOldGen       total 44032K, used 8932K [0x00000000c0000000, 0x00000000c2b00000, 0x00000000eab00000)
  object space 44032K, 20% used [0x00000000c0000000,0x00000000c08b9128,0x00000000c2b00000)
 Metaspace       used 6121K, capacity 7152K, committed 7296K, reserved 1056768K
  class space    used 599K, capacity 616K, committed 640K, reserved 1048576K
}
Event: 4.882 GC heap before
{Heap before GC invocations=4 (full 0):
 PSYoungGen      total 35328K, used 35296K [0x00000000eab00000, 0x00000000ef000000, 0x0000000100000000)
  eden space 32768K, 100% used [0x00000000eab00000,0x00000000ecb00000,0x00000000ecb00000)
  from space 2560K, 98% used [0x00000000ecb00000,0x00000000ecd78038,0x00000000ecd80000)
  to   space 2560K, 0% used [0x00000000eed80000,0x00000000eed80000,0x00000000ef000000)
 ParOldGen       total 44032K, used 8932K [0x00000000c0000000, 0x00000000c2b00000, 0x00000000eab00000)
  object space 44032K, 20% used [0x00000000c0000000,0x00000000c08b9128,0x00000000c2b00000)
 Metaspace       used 6186K, capacity 7152K, committed 7296K, reserved 1056768K
  class space    used 599K, capacity 616K, committed 640K, reserved 1048576K
Event: 4.927 GC heap after
Heap after GC invocations=4 (full 0):
 PSYoungGen      total 68096K, used 2528K [0x00000000eab00000, 0x00000000ef000000, 0x0000000100000000)
  eden space 65536K, 0% used [0x00000000eab00000,0x00000000eab00000,0x00000000eeb00000)
  from space 2560K, 98% used [0x00000000eed80000,0x00000000eeff8038,0x00000000ef000000)
  to   space 2560K, 0% used [0x00000000eeb00000,0x00000000eeb00000,0x00000000eed80000)
 ParOldGen       total 44032K, used 14151K [0x00000000c0000000, 0x00000000c2b00000, 0x00000000eab00000)
  object space 44032K, 32% used [0x00000000c0000000,0x00000000c0dd1f80,0x00000000c2b00000)
 Metaspace       used 6186K, capacity 7152K, committed 7296K, reserved 1056768K
  class space    used 599K, capacity 616K, committed 640K, reserved 1048576K
}
Event: 7.543 GC heap before
{Heap before GC invocations=5 (full 0):
 PSYoungGen      total 68096K, used 68064K [0x00000000eab00000, 0x00000000ef000000, 0x0000000100000000)
  eden space 65536K, 100% used [0x00000000eab00000,0x00000000eeb00000,0x00000000eeb00000)
  from space 2560K, 98% used [0x00000000eed80000,0x00000000eeff8038,0x00000000ef000000)
  to   space 2560K, 0% used [0x00000000eeb00000,0x00000000eeb00000,0x00000000eed80000)
 ParOldGen       total 44032K, used 14151K [0x00000000c0000000, 0x00000000c2b00000, 0x00000000eab00000)
  object space 44032K, 32% used [0x00000000c0000000,0x00000000c0dd1f80,0x00000000c2b00000)
 Metaspace       used 6283K, capacity 7216K, committed 7296K, reserved 1056768K
  class space    used 599K, capacity 616K, committed 640K, reserved 1048576K
Event: 7.641 GC heap after
Heap after GC invocations=5 (full 0):
 PSYoungGen      total 68096K, used 2528K [0x00000000eab00000, 0x00000000ef000000, 0x0000000100000000)
  eden space 65536K, 0% used [0x00000000eab00000,0x00000000eab00000,0x00000000eeb00000)
  from space 2560K, 98% used [0x00000000eeb00000,0x00000000eed78038,0x00000000eed80000)
  to   space 2560K, 0% used [0x00000000eed80000,0x00000000eed80000,0x00000000ef000000)
 ParOldGen       total 44032K, used 23719K [0x00000000c0000000, 0x00000000c2b00000, 0x00000000eab00000)
  object space 44032K, 53% used [0x00000000c0000000,0x00000000c1729fb8,0x00000000c2b00000)
 Metaspace       used 6283K, capacity 7216K, committed 7296K, reserved 1056768K
  class space    used 599K, capacity 616K, committed 640K, reserved 1048576K
}

Deoptimization events (10 events):
Event: 4.934 Thread 0x0000000001d18000 Uncommon trap: reason=bimorphic action=maybe_recompile pc=0x0000000002891ad0 method=java.util.HashMap.getNode(ILjava/lang/Object;)Ljava/util/HashMap$Node; @ 126
Event: 4.967 Thread 0x0000000001d18000 Uncommon trap: reason=bimorphic action=maybe_recompile pc=0x0000000002891ad0 method=java.util.HashMap.getNode(ILjava/lang/Object;)Ljava/util/HashMap$Node; @ 126
Event: 5.009 Thread 0x0000000056406800 Uncommon trap: reason=unstable_if action=reinterpret pc=0x000000000296986c method=com.android.dx.util.IntList.binarysearch(I)I @ 105
Event: 5.230 Thread 0x00000000564a0000 Uncommon trap: reason=bimorphic action=maybe_recompile pc=0x0000000002891ad0 method=java.util.HashMap.getNode(ILjava/lang/Object;)Ljava/util/HashMap$Node; @ 126
Event: 5.346 Thread 0x0000000057018800 Uncommon trap: reason=unstable_if action=reinterpret pc=0x000000000285b474 method=com.android.dx.rop.code.RegisterSpecSet.<init>(I)V @ 2
Event: 5.702 Thread 0x00000000564a0000 Uncommon trap: reason=unstable_if action=reinterpret pc=0x0000000002a979cc method=java.util.HashMap.putVal(ILjava/lang/Object;Ljava/lang/Object;ZZ)Ljava/lang/Object; @ 94
Event: 6.400 Thread 0x0000000057018800 Uncommon trap: reason=bimorphic action=maybe_recompile pc=0x0000000002b27af0 method=com.android.dx.cf.code.BytecodeArray.parseInstruction(ILcom/android/dx/cf/code/BytecodeArray$Visitor;)I @ 1161
Event: 6.400 Thread 0x0000000057018800 Uncommon trap: reason=bimorphic action=maybe_recompile pc=0x0000000002b27af0 method=com.android.dx.cf.code.BytecodeArray.parseInstruction(ILcom/android/dx/cf/code/BytecodeArray$Visitor;)I @ 1161
Event: 7.429 Thread 0x0000000056406800 Uncommon trap: reason=bimorphic action=maybe_recompile pc=0x0000000002b26ca0 method=com.android.dx.cf.code.BytecodeArray.parseInstruction(ILcom/android/dx/cf/code/BytecodeArray$Visitor;)I @ 1501
Event: 7.432 Thread 0x0000000056406800 Uncommon trap: reason=bimorphic action=maybe_recompile pc=0x0000000002b26ca0 method=com.android.dx.cf.code.BytecodeArray.parseInstruction(ILcom/android/dx/cf/code/BytecodeArray$Visitor;)I @ 1501

Internal exceptions (4 events):
Event: 0.096 Thread 0x0000000001d18000 Exception <a 'java/lang/NoSuchMethodError': Method sun.misc.Unsafe.defineClass(Ljava/lang/String;[BII)Ljava/lang/Class; name or signature does not match> (0x00000000eab07cc0) thrown at [C:\re\workspace\8-2-build-windows-amd64-cygwin\jdk8u91\7017\hotspot\srsð6KÜ¦¸?
Event: 0.096 Thread 0x0000000001d18000 Exception <a 'java/lang/NoSuchMethodError': Method sun.misc.Unsafe.prefetchRead(Ljava/lang/Object;J)V name or signature does not match> (0x00000000eab07fa8) thrown at [C:\re\workspace\8-2-build-windows-amd64-cygwin\jdk8u91\7017\hotspot\src\share\vm\prims\j°Kò‚"	@
Event: 3.142 Thread 0x0000000056406800 Implicit null exception at 0x00000000027df482 to 0x00000000027e04a9
Event: 3.143 Thread 0x0000000056406800 Implicit null exception at 0x00000000027d6ebc to 0x00000000027d7cd9

Events (10 events):
Event: 7.429 Thread 0x0000000056406800 Uncommon trap: trap_request=0xffffffc6 fr.pc=0x0000000002b26ca0
Event: 7.429 Thread 0x0000000056406800 DEOPT PACKING pc=0x0000000002b26ca0 sp=0x00000000578de7c0
Event: 7.430 Thread 0x0000000056406800 DEOPT UNPACKING pc=0x00000000024e582a sp=0x00000000578de780 mode 2
Event: 7.432 Thread 0x0000000056406800 Uncommon trap: trap_request=0xffffffc6 fr.pc=0x0000000002b26ca0
Event: 7.432 Thread 0x0000000056406800 DEOPT PACKING pc=0x0000000002b26ca0 sp=0x00000000578de620
Event: 7.432 Thread 0x0000000056406800 DEOPT UNPACKING pc=0x00000000024e582a sp=0x00000000578de5e0 mode 2
Event: 7.543 Executing VM operation: ParallelGCFailedAllocation
Event: 7.641 Executing VM operation: ParallelGCFailedAllocation done
Event: 7.881 Thread 0x00000000564a0000 DEOPT PACKING pc=0x0000000002907d14 sp=0x0000000057c9e6a0
Event: 7.881 Thread 0x00000000564a0000 DEOPT UNPACKING pc=0x00000000024e787f sp=0x0000000057c9e3b0 mode 0


Dynamic libraries:
0x000000013f550000 - 0x000000013f587000 	C:\Program Files\Java\jdk1.8.0_91\bin\java.exe
0x0000000077820000 - 0x00000000779ca000 	C:\Windows\SYSTEM32\ntdll.dll
0x0000000077700000 - 0x000000007781f000 	C:\Windows\system32\kernel32.dll
0x000007fefd5c0000 - 0x000007fefd62a000 	C:\Windows\system32\KERNELBASE.dll
0x000007fefe960000 - 0x000007fefea3b000 	C:\Windows\system32\ADVAPI32.dll
0x000007feff0c0000 - 0x000007feff15f000 	C:\Windows\system32\msvcrt.dll
0x000007feffa30000 - 0x000007feffa4f000 	C:\Windows\SYSTEM32\sechost.dll
0x000007fefd910000 - 0x000007fefda3d000 	C:\Windows\system32\RPCRT4.dll
0x0000000077600000 - 0x00000000776fa000 	C:\Windows\system32\USER32.dll
0x000007feff160000 - 0x000007feff1c7000 	C:\Windows\system32\GDI32.dll
0x000007fefed10000 - 0x000007fefed1e000 	C:\Windows\system32\LPK.dll
0x000007fefed70000 - 0x000007fefee3a000 	C:\Windows\system32\USP10.dll
0x000007fefc610000 - 0x000007fefc804000 	C:\Windows\WinSxS\amd64_microsoft.windows.common-controls_6595b64144ccf1df_6.0.7601.17514_none_fa396087175ac9ac\COMCTL32.dll
0x000007fefdb30000 - 0x000007fefdba1000 	C:\Windows\system32\SHLWAPI.dll
0x000007feff090000 - 0x000007feff0be000 	C:\Windows\system32\IMM32.DLL
0x000007fefeee0000 - 0x000007fefefe9000 	C:\Windows\system32\MSCTF.dll
0x0000000063520000 - 0x00000000635f2000 	C:\Program Files\Java\jdk1.8.0_91\jre\bin\msvcr100.dll
0x000000006b1a0000 - 0x000000006ba33000 	C:\Program Files\Java\jdk1.8.0_91\jre\bin\server\jvm.dll
0x000007fef0a20000 - 0x000007fef0a29000 	C:\Windows\system32\WSOCK32.dll
0x000007fefed20000 - 0x000007fefed6d000 	C:\Windows\system32\WS2_32.dll
0x000007fefdb20000 - 0x000007fefdb28000 	C:\Windows\system32\NSI.dll
0x000007fefaf00000 - 0x000007fefaf3b000 	C:\Windows\system32\WINMM.dll
0x000007fefc2b0000 - 0x000007fefc2bc000 	C:\Windows\system32\VERSION.dll
0x00000000779e0000 - 0x00000000779e7000 	C:\Windows\system32\PSAPI.DLL
0x0000000073ee0000 - 0x0000000073eef000 	C:\Program Files\Java\jdk1.8.0_91\jre\bin\verify.dll
0x0000000073eb0000 - 0x0000000073ed9000 	C:\Program Files\Java\jdk1.8.0_91\jre\bin\java.dll
0x0000000073e90000 - 0x0000000073ea6000 	C:\Program Files\Java\jdk1.8.0_91\jre\bin\zip.dll
0x000007fefdbb0000 - 0x000007fefe938000 	C:\Windows\system32\SHELL32.dll
0x000007feff1d0000 - 0x000007feff3d3000 	C:\Windows\system32\ole32.dll
0x000007fefd560000 - 0x000007fefd56f000 	C:\Windows\system32\profapi.dll

VM Arguments:
jvm_args: -Djava.awt.headless=true -Xmx1024M -Dfile.encoding=windows-1256 -Duser.country=US -Duser.language=en -Duser.variant 
java_command: com.android.dx.command.Main --dex --force-jumbo --num-threads=4 --multi-dex --output E:\User\AndroidStudioProjects\AuthChallenge\app\build\intermediates\transforms\dex\debug\folders\1000\10\com.android.support-support-compat-27.1.1_53bc400805931b9308ce7b4c6c6b8c0d9593573f E:\User\AndroidStudioProjects\AuthChallenge\app\build\intermediates\exploded-aar\com.android.support\support-compat\27.1.1\jars\classes.jar
java_class_path (initial): E:\User\AppData\Local\Android\sdk\build-tools\26.0.3\lib\dx.jar
Launcher Type: SUN_STANDARD

Environment Variables:
PATH=C:\oracle\product\10.2.0\db_2\bin;C:\oracle\product\10.2.0\db_1\bin;C:\ProgramData\Oracle\Java\javapath;C:\Windows\System32;C:\Windows\SysWOW64;C:\opencv248\build\x86\vc10\bin;C:\Python27;C:\Python27\Scripts;C:\Program Files (x86)\CodeBlocks\MinGW\bin;E:\programs\Matlab\R2013a\bin;C:\Program Files\IVI Foundation\VISA\Win64\Bin\;C:\Program Files (x86)\IVI Foundation\VISA\WinNT\Bin\;C:\Program Files (x86)\IVI Foundation\VISA\WinNT\Bin;C:\Program Files (x86)\Tesseract-OCR;E:\User\AppData\Local\Android\sdk\tools\lib;E:\Program Files\Git\cmd;E:\User\AppData\Local\Android\sdk\platform-tools;E:\Program Files\nodejs\;E:\Program Files (x86)\CMake\bin;E:\Program Files (x86)\CMake 2.8\bin;C:\Program Files\Canopy\User;C:\Program Files\Canopy\User\Scripts;C:\Users\user\AppData\Roaming\npm;E:\Users\user\AppData\Local\Programs\MiKTeX 2.9\miktex\bin\x64\
USERNAME=user
OS=Windows_NT
PROCESSOR_IDENTIFIER=Intel64 Family 6 Model 58 Stepping 9, GenuineIntel



---------------  S Y S T E M  ---------------

OS: Windows 7 , 64 bit Build 7601 (6.1.7601.23572)

CPU:total 4 (2 cores per cpu, 2 threads per core) family 6 model 58 stepping 9, cmov, cx8, fxsr, mmx, sse, sse2, sse3, ssse3, sse4.1, sse4.2, popcnt, avx, aes, clmul, erms, ht, tsc, tscinvbit, tscinv

Memory: 4k page, physical 4094316k(135468k free), swap 5628456k(5024k free)

vm_info: Java HotSpot(TM) 64-Bit Server VM (25.91-b15) for windows-amd64 JRE (1.8.0_91-b15), built on May 20 2016 17:43:15 by "java_re" with MS VC++ 10.0 (VS2010)

time: Thu Aug 02 20:15:14 2018
elapsed time: 8 seconds (0d 0h 0m 8s)

